Unity Editor version:    2022.2.18f1 (5ebc6493a86f)
Branch:                  2022.2/staging
Build type:              Release
Batch mode:              YES
macOS version:           Version 13.2.1 (Build 22D68)
Darwin version:          22.3.0
Architecture:            x86_64
Running under Rosetta:   NO
Available memory:        16384 MB
Using pre-set license
Pro License: YES

COMMAND LINE ARGUMENTS:
/Applications/Unity/Hub/Editor/2022.2.18f1/Unity.app/Contents/MacOS/Unity
-adb2
-batchMode
-noUpm
-name
AssetImportWorker2
-projectPath
/Users/anjim1/Desktop/EPFL/BA6/CS-341/proposal_template/ICG-Proposal
-logFile
Logs/AssetImportWorker2.log
-srvPort
55186
Successfully changed project path to: /Users/anjim1/Desktop/EPFL/BA6/CS-341/proposal_template/ICG-Proposal
/Users/anjim1/Desktop/EPFL/BA6/CS-341/proposal_template/ICG-Proposal
[UnityMemory] Configuration Parameters - Can be set up in boot.config
    "memorysetup-bucket-allocator-granularity=16"
    "memorysetup-bucket-allocator-bucket-count=8"
    "memorysetup-bucket-allocator-block-size=33554432"
    "memorysetup-bucket-allocator-block-count=8"
    "memorysetup-main-allocator-block-size=16777216"
    "memorysetup-thread-allocator-block-size=16777216"
    "memorysetup-gfx-main-allocator-block-size=16777216"
    "memorysetup-gfx-thread-allocator-block-size=16777216"
    "memorysetup-cache-allocator-block-size=4194304"
    "memorysetup-typetree-allocator-block-size=2097152"
    "memorysetup-profiler-bucket-allocator-granularity=16"
    "memorysetup-profiler-bucket-allocator-bucket-count=8"
    "memorysetup-profiler-bucket-allocator-block-size=33554432"
    "memorysetup-profiler-bucket-allocator-block-count=8"
    "memorysetup-profiler-allocator-block-size=16777216"
    "memorysetup-profiler-editor-allocator-block-size=1048576"
    "memorysetup-temp-allocator-size-main=16777216"
    "memorysetup-job-temp-allocator-block-size=2097152"
    "memorysetup-job-temp-allocator-block-size-background=1048576"
    "memorysetup-job-temp-allocator-reduction-small-platforms=262144"
    "memorysetup-temp-allocator-size-background-worker=32768"
    "memorysetup-temp-allocator-size-job-worker=262144"
    "memorysetup-temp-allocator-size-preload-manager=33554432"
    "memorysetup-temp-allocator-size-nav-mesh-worker=65536"
    "memorysetup-temp-allocator-size-audio-worker=65536"
    "memorysetup-temp-allocator-size-cloud-worker=32768"
    "memorysetup-temp-allocator-size-gi-baking-worker=262144"
    "memorysetup-temp-allocator-size-gfx=262144"
Player connection [140704714188416] Host "[IP] 128.179.163.232 [Port] 0 [Flags] 2 [Guid] 3636362814 [EditorId] 3636362814 [Version] 1048832 [Id] OSXEditor(0,tsf-460-wpa-3-232.epfl.ch) [Debug] 1 [PackageName] OSXEditor [ProjectName] Editor" joined multi-casting on [225.0.0.222:54997]...

Player connection [140704714188416] Host "[IP] 128.179.163.232 [Port] 0 [Flags] 2 [Guid] 3636362814 [EditorId] 3636362814 [Version] 1048832 [Id] OSXEditor(0,tsf-460-wpa-3-232.epfl.ch) [Debug] 1 [PackageName] OSXEditor [ProjectName] Editor" joined alternative multi-casting on [225.0.0.222:34997]...

Refreshing native plugins compatible for Editor in 8.66 ms, found 2 plugins.
Preloading 0 native plugins for Editor in 0.00 ms.
Initialize engine version: 2022.2.18f1 (5ebc6493a86f)
[Subsystems] Discovering subsystems at path /Applications/Unity/Hub/Editor/2022.2.18f1/Unity.app/Contents/Resources/UnitySubsystems
[Subsystems] Discovering subsystems at path /Users/anjim1/Desktop/EPFL/BA6/CS-341/proposal_template/ICG-Proposal/Assets
GfxDevice: creating device client; threaded=0; jobified=0
Color LCD preferred device: AMD Radeon Pro 555X (high power)
Metal devices available: 2
0: AMD Radeon Pro 555X (high power)
1: Intel(R) UHD Graphics 630 (low power)
Using device AMD Radeon Pro 555X (high power)
Initializing Metal device caps: AMD Radeon Pro 555X
Initialize mono
Mono path[0] = '/Applications/Unity/Hub/Editor/2022.2.18f1/Unity.app/Contents/Managed'
Mono path[1] = '/Applications/Unity/Hub/Editor/2022.2.18f1/Unity.app/Contents/MonoBleedingEdge/lib/mono/unityjit-macos'
Mono config path = '/Applications/Unity/Hub/Editor/2022.2.18f1/Unity.app/Contents/MonoBleedingEdge/etc'
Using monoOptions --debugger-agent=transport=dt_socket,embedding=1,server=y,suspend=n,address=127.0.0.1:56823
Begin MonoManager ReloadAssembly
Registering precompiled unity dll's ...
Register platform support module: /Applications/Unity/Hub/Editor/2022.2.18f1/Unity.app/Contents/PlaybackEngines/MacStandaloneSupport/UnityEditor.OSXStandalone.Extensions.dll
Registered in 0.002518 seconds.
- Loaded All Assemblies, in  0.644 seconds
Native extension for OSXStandalone target not found
Mono: successfully reloaded assembly
- Finished resetting the current domain, in  0.546 seconds
Domain Reload Profiling:
	ReloadAssembly (360ms)
		BeginReloadAssembly (154ms)
			ExecutionOrderSort (0ms)
			DisableScriptedObjects (0ms)
			BackupInstance (0ms)
			ReleaseScriptingObjects (0ms)
			CreateAndSetChildDomain (1ms)
		LoadAllAssembliesAndSetupDomain (0ms)
			LoadAssemblies (153ms)
			RebuildTransferFunctionScriptingTraits (0ms)
			SetupTypeCache (278ms)
				TypeCache.Initialize (276ms)
					TypeCache.ScanAssembly (274ms)
				ResolveRequiredComponents (1ms)
		FinalizeReload (0ms)
			ReleaseScriptCaches (0ms)
			RebuildScriptCaches (0ms)
			SetupLoadedEditorAssemblies (415ms)
				LogAssemblyErrors (0ms)
				InitializePlatformSupportModulesInManaged (14ms)
				SetLoadedEditorAssemblies (15ms)
				RefreshPlugins (0ms)
				BeforeProcessingInitializeOnLoad (2ms)
				ProcessInitializeOnLoadAttributes (287ms)
				ProcessInitializeOnLoadMethodAttributes (97ms)
				AfterProcessingInitializeOnLoad (0ms)
				EditorAssembliesLoaded (0ms)
			ExecutionOrderSort2 (0ms)
			AwakeInstancesAfterBackupRestoration (0ms)
========================================================================
Worker process is ready to serve import requests
Begin MonoManager ReloadAssembly
Symbol file LoadedFromMemory doesn't match image /Users/anjim1/Desktop/EPFL/BA6/CS-341/proposal_template/ICG-Proposal/Library/PackageCache/com.unity.visualscripting@1.8.0/Editor/VisualScripting.Core/Dependencies/YamlDotNet/Unity.VisualScripting.YamlDotNet.dll
Symbol file LoadedFromMemory doesn't match image /Users/anjim1/Desktop/EPFL/BA6/CS-341/proposal_template/ICG-Proposal/Library/PackageCache/com.unity.visualscripting@1.8.0/Editor/VisualScripting.Core/Dependencies/DotNetZip/Unity.VisualScripting.IonicZip.dll
- Loaded All Assemblies, in  1.535 seconds
Refreshing native plugins compatible for Editor in 2.30 ms, found 2 plugins.
Native extension for OSXStandalone target not found
Mono: successfully reloaded assembly
- Finished resetting the current domain, in  1.115 seconds
Domain Reload Profiling:
	ReloadAssembly (430ms)
		BeginReloadAssembly (241ms)
			ExecutionOrderSort (0ms)
			DisableScriptedObjects (14ms)
			BackupInstance (0ms)
			ReleaseScriptingObjects (0ms)
			CreateAndSetChildDomain (51ms)
		LoadAllAssembliesAndSetupDomain (1104ms)
			LoadAssemblies (525ms)
			RebuildTransferFunctionScriptingTraits (0ms)
			SetupTypeCache (684ms)
				TypeCache.Initialize (636ms)
					TypeCache.ScanAssembly (628ms)
				ResolveRequiredComponents (11ms)
		FinalizeReload (0ms)
			ReleaseScriptCaches (0ms)
			RebuildScriptCaches (0ms)
			SetupLoadedEditorAssemblies (812ms)
				LogAssemblyErrors (0ms)
				InitializePlatformSupportModulesInManaged (7ms)
				SetLoadedEditorAssemblies (7ms)
				RefreshPlugins (0ms)
				BeforeProcessingInitializeOnLoad (107ms)
				ProcessInitializeOnLoadAttributes (552ms)
				ProcessInitializeOnLoadMethodAttributes (137ms)
				AfterProcessingInitializeOnLoad (2ms)
				EditorAssembliesLoaded (0ms)
			ExecutionOrderSort2 (0ms)
			AwakeInstancesAfterBackupRestoration (8ms)
Launching external process: /Applications/Unity/Hub/Editor/2022.2.18f1/Unity.app/Contents/Tools/UnityShaderCompiler
Launched and connected shader compiler UnityShaderCompiler after 0.14 seconds
Refreshing native plugins compatible for Editor in 2.22 ms, found 2 plugins.
Preloading 0 native plugins for Editor in 0.00 ms.
Unloading 4185 Unused Serialized files (Serialized files now loaded: 0)
Unloading 43 unused Assets / (364.5 KB). Loaded Objects now: 4653.
Memory consumption went from 142.4 MB to 142.1 MB.
Total: 6.493985 ms (FindLiveObjects: 0.433368 ms CreateObjectMapping: 0.462202 ms MarkObjects: 5.296321 ms  DeleteObjects: 0.300569 ms)

AssetImportParameters requested are different than current active one (requested -> active):
  custom:container-demuxer-ogg: 62fdf1f143b41e24485cea50d1cbac27 -> 
  custom:video-decoder-ogg-theora: a1e56fd34408186e4bbccfd4996cb3dc -> 
  custom:container-demuxer-webm: 4f35f7cbe854078d1ac9338744f61a02 -> 
  custom:container-muxer-webm: aa71ff27fc2769a1b78a27578f13a17b -> 
  custom:video-decoder-webm-vp8: 9c59270c3fd7afecdb556c50c9e8de78 -> 
  custom:AudioImporter_EditorPlatform: 3918e3fc78b5a79bad01e8451be0beb8 -> 
  custom:framework-osx-AVFoundation: e770b220cccbd017edd2c1fefb359320 -> 
  custom:video-encoder-webm-vp8: eb34c28f22e8b96e1ab97ce403110664 -> 
  custom:audio-decoder-ogg-vorbis: bf7c407c2cedff20999df2af8eb42d56 -> 
  custom:audio-encoder-webm-vorbis: bf7c407c2cedff20999df2af8eb42d56 -> 
========================================================================
Received Import Request.
  Time since last request: 123455.016380 seconds.
  path: Assets/Materials/planet3_land.mat
  artifactKey: Guid(90947399d1506422a81103e56641b278) Importer(815301076,1909f56bfc062723c751e8b465ee728b)
Start importing Assets/Materials/planet3_land.mat using Guid(90947399d1506422a81103e56641b278) Importer(815301076,1909f56bfc062723c751e8b465ee728b)  -> (artifact id: '901462631ceb20230696b55b331ddf07') in 0.178687 seconds
Number of updated asset objects reloaded before import = 0
Number of asset objects unloaded after import = 1
========================================================================
Received Import Request.
  Time since last request: 7.925889 seconds.
  path: Assets/Materials/palnet3_water.mat
  artifactKey: Guid(5bf287b91f3f34bc58eab718d8ccff57) Importer(815301076,1909f56bfc062723c751e8b465ee728b)
Start importing Assets/Materials/palnet3_water.mat using Guid(5bf287b91f3f34bc58eab718d8ccff57) Importer(815301076,1909f56bfc062723c751e8b465ee728b)  -> (artifact id: '1bbfd0e672c61d7d61ea6d226f074482') in 0.082733 seconds
Number of updated asset objects reloaded before import = 0
Number of asset objects unloaded after import = 1
========================================================================
Received Import Request.
  Time since last request: 28.250433 seconds.
  path: Assets/Materials/planet2_water.mat
  artifactKey: Guid(e0512e6e3027e41308fdc488efb22710) Importer(815301076,1909f56bfc062723c751e8b465ee728b)
Start importing Assets/Materials/planet2_water.mat using Guid(e0512e6e3027e41308fdc488efb22710) Importer(815301076,1909f56bfc062723c751e8b465ee728b)  -> (artifact id: '250b072cd7b285e9273a80665ae93fca') in 0.085097 seconds
Number of updated asset objects reloaded before import = 0
Number of asset objects unloaded after import = 1
========================================================================
Received Import Request.
  Time since last request: 7.562070 seconds.
  path: Assets/Materials/earth_water.mat
  artifactKey: Guid(c5b189f092ab74767af47a7723bbf715) Importer(815301076,1909f56bfc062723c751e8b465ee728b)
Start importing Assets/Materials/earth_water.mat using Guid(c5b189f092ab74767af47a7723bbf715) Importer(815301076,1909f56bfc062723c751e8b465ee728b)  -> (artifact id: '3fa1c043e06c80a59c582ae143fe7851') in 0.084562 seconds
Number of updated asset objects reloaded before import = 0
Number of asset objects unloaded after import = 1
========================================================================
Received Import Request.
  Time since last request: 9.555188 seconds.
  path: Assets/Materials/earth_land.mat
  artifactKey: Guid(722ea5020b1e947a08824ddb805808a1) Importer(815301076,1909f56bfc062723c751e8b465ee728b)
Start importing Assets/Materials/earth_land.mat using Guid(722ea5020b1e947a08824ddb805808a1) Importer(815301076,1909f56bfc062723c751e8b465ee728b)  -> (artifact id: '41d25d3919d82833916cf0a11a301e8f') in 0.085730 seconds
Number of updated asset objects reloaded before import = 0
Number of asset objects unloaded after import = 1
========================================================================
Received Import Request.
  Time since last request: 8.532649 seconds.
  path: Assets/Materials/planet2_land.mat
  artifactKey: Guid(da21cddbc57004d97baaa17164d0368c) Importer(815301076,1909f56bfc062723c751e8b465ee728b)
Start importing Assets/Materials/planet2_land.mat using Guid(da21cddbc57004d97baaa17164d0368c) Importer(815301076,1909f56bfc062723c751e8b465ee728b)  -> (artifact id: '87e30b1d2a38bc061639ee35d540c310') in 0.085173 seconds
Number of updated asset objects reloaded before import = 0
Number of asset objects unloaded after import = 1
========================================================================
Received Import Request.
  Time since last request: 263.930237 seconds.
  path: Assets/Models/mustafar.fbx
  artifactKey: Guid(c60b9055bf4e342bc849e1a22a6489b7) Importer(815301076,1909f56bfc062723c751e8b465ee728b)
Start importing Assets/Models/mustafar.fbx using Guid(c60b9055bf4e342bc849e1a22a6489b7) Importer(815301076,1909f56bfc062723c751e8b465ee728b)  -> (artifact id: '4a7517210b23c3bf759e4950cd1a1b8c') in 1.105898 seconds
Number of updated asset objects reloaded before import = 0
Number of asset objects unloaded after import = 20
========================================================================
Received Import Request.
  Time since last request: 19.782466 seconds.
  path: Assets/Models/planet1.fbx
  artifactKey: Guid(419a193bc85544da8b3d5630ad3bb185) Importer(815301076,1909f56bfc062723c751e8b465ee728b)
Start importing Assets/Models/planet1.fbx using Guid(419a193bc85544da8b3d5630ad3bb185) Importer(815301076,1909f56bfc062723c751e8b465ee728b)  -> (artifact id: '8bf4972ca7c09a8888d901daef34e63f') in 0.076507 seconds
Number of updated asset objects reloaded before import = 0
Number of asset objects unloaded after import = 15
========================================================================
Received Import Request.
  Time since last request: 9.699957 seconds.
  path: Assets/Models/planet1.fbx
  artifactKey: Guid(419a193bc85544da8b3d5630ad3bb185) Importer(815301076,1909f56bfc062723c751e8b465ee728b)
Start importing Assets/Models/planet1.fbx using Guid(419a193bc85544da8b3d5630ad3bb185) Importer(815301076,1909f56bfc062723c751e8b465ee728b)  -> (artifact id: 'ff641fd65ea96856abae8da4a7761056') in 0.072753 seconds
Number of updated asset objects reloaded before import = 0
Number of asset objects unloaded after import = 15
========================================================================
Received Import Request.
  Time since last request: 3.967347 seconds.
  path: Assets/Materials/leef.mat
  artifactKey: Guid(3116a983abb914566aefef80b44e60bd) Importer(815301076,1909f56bfc062723c751e8b465ee728b)
Start importing Assets/Materials/leef.mat using Guid(3116a983abb914566aefef80b44e60bd) Importer(815301076,1909f56bfc062723c751e8b465ee728b)  -> (artifact id: '5e6c16d0ba226c69094a256da8a38ba0') in 0.141294 seconds
Number of updated asset objects reloaded before import = 0
Number of asset objects unloaded after import = 1
========================================================================
Received Import Request.
  Time since last request: 9.357133 seconds.
  path: Assets/Materials/planet1_water.mat
  artifactKey: Guid(3116a983abb914566aefef80b44e60bd) Importer(815301076,1909f56bfc062723c751e8b465ee728b)
Start importing Assets/Materials/planet1_water.mat using Guid(3116a983abb914566aefef80b44e60bd) Importer(815301076,1909f56bfc062723c751e8b465ee728b)  -> (artifact id: 'bd806187bede55bda91aa86a1f299c02') in 0.047091 seconds
Number of updated asset objects reloaded before import = 0
Number of asset objects unloaded after import = 1
========================================================================
Received Import Request.
  Time since last request: 8.289917 seconds.
  path: Assets/Materials/planet1_land.mat
  artifactKey: Guid(9cdfe4268fe124cc4b706a21c8773856) Importer(815301076,1909f56bfc062723c751e8b465ee728b)
Start importing Assets/Materials/planet1_land.mat using Guid(9cdfe4268fe124cc4b706a21c8773856) Importer(815301076,1909f56bfc062723c751e8b465ee728b)  -> (artifact id: '9efee7f7f9a764d4faed8f2f5ba855f3') in 0.047902 seconds
Number of updated asset objects reloaded before import = 0
Number of asset objects unloaded after import = 1
========================================================================
Received Import Request.
  Time since last request: 16.839782 seconds.
  path: Assets/Models/planet1.fbx
  artifactKey: Guid(419a193bc85544da8b3d5630ad3bb185) Importer(815301076,1909f56bfc062723c751e8b465ee728b)
Start importing Assets/Models/planet1.fbx using Guid(419a193bc85544da8b3d5630ad3bb185) Importer(815301076,1909f56bfc062723c751e8b465ee728b)  -> (artifact id: '6deeca54015f400f9988c1171c7505aa') in 0.072166 seconds
Number of updated asset objects reloaded before import = 0
Number of asset objects unloaded after import = 15
========================================================================
Received Import Request.
  Time since last request: 849.875376 seconds.
  path: Assets/Models/planet2.fbx
  artifactKey: Guid(10e50024ae5f54b83917400c3ac027b4) Importer(815301076,1909f56bfc062723c751e8b465ee728b)
Start importing Assets/Models/planet2.fbx using Guid(10e50024ae5f54b83917400c3ac027b4) Importer(815301076,1909f56bfc062723c751e8b465ee728b)  -> (artifact id: 'fd8dbf07c9cd78a70c888ffa92d25e7c') in 0.093449 seconds
Number of updated asset objects reloaded before import = 0
Number of asset objects unloaded after import = 15
========================================================================
Received Import Request.
  Time since last request: 11.341420 seconds.
  path: Assets/Models/planet2.fbx
  artifactKey: Guid(10e50024ae5f54b83917400c3ac027b4) Importer(815301076,1909f56bfc062723c751e8b465ee728b)
Start importing Assets/Models/planet2.fbx using Guid(10e50024ae5f54b83917400c3ac027b4) Importer(815301076,1909f56bfc062723c751e8b465ee728b)  -> (artifact id: 'b7f82bd1429ddcc86c712134cad2e28c') in 0.042087 seconds
Number of updated asset objects reloaded before import = 0
Number of asset objects unloaded after import = 15
========================================================================
Received Import Request.
  Time since last request: 3.919420 seconds.
  path: Assets/Materials/door.mat
  artifactKey: Guid(6e77fa436e6344f7e8373a52e435f4f2) Importer(815301076,1909f56bfc062723c751e8b465ee728b)
Start importing Assets/Materials/door.mat using Guid(6e77fa436e6344f7e8373a52e435f4f2) Importer(815301076,1909f56bfc062723c751e8b465ee728b)  -> (artifact id: '2510056ffb53ee65ccf2d0f5aaef6564') in 0.196331 seconds
Number of updated asset objects reloaded before import = 0
Number of asset objects unloaded after import = 1
========================================================================
Received Import Request.
  Time since last request: 7.055236 seconds.
  path: Assets/Materials/planet2_water.mat
  artifactKey: Guid(6e77fa436e6344f7e8373a52e435f4f2) Importer(815301076,1909f56bfc062723c751e8b465ee728b)
Start importing Assets/Materials/planet2_water.mat using Guid(6e77fa436e6344f7e8373a52e435f4f2) Importer(815301076,1909f56bfc062723c751e8b465ee728b)  -> (artifact id: 'cdf7b2ce6ace909505c6c98053e962a4') in 0.019593 seconds
Number of updated asset objects reloaded before import = 0
Number of asset objects unloaded after import = 1
========================================================================
Received Import Request.
  Time since last request: 6.934786 seconds.
  path: Assets/Materials/planet2_land.mat
  artifactKey: Guid(881b8309073d84369b792bb91b9bce6e) Importer(815301076,1909f56bfc062723c751e8b465ee728b)
Start importing Assets/Materials/planet2_land.mat using Guid(881b8309073d84369b792bb91b9bce6e) Importer(815301076,1909f56bfc062723c751e8b465ee728b)  -> (artifact id: '5fe8e659211762787fbe4386f673a3d5') in 0.020015 seconds
Number of updated asset objects reloaded before import = 0
Number of asset objects unloaded after import = 1
